MIF/HEX Update report for SPWM_60
Wed Aug 23 22:36:47 2023
Quartus Prime Version 20.1.1 Build 720 11/11/2020 SJ Lite Edition


---------------------
; Table of Contents ;
---------------------
  1. Legal Notice
  2. MIF/HEX Update Summary
  3. MIF/HEX Update Processed Files
  4. MIF/HEX Update Messages



----------------
; Legal Notice ;
----------------
Copyright (C) 2020  Intel Corporation. All rights reserved.
Your use of Intel Corporation's design tools, logic functions 
and other software and tools, and any partner logic 
functions, and any output files from any of the foregoing 
(including device programming or simulation files), and any 
associated documentation or information are expressly subject 
to the terms and conditions of the Intel Program License 
Subscription Agreement, the Intel Quartus Prime License Agreement,
the Intel FPGA IP License Agreement, or other applicable license
agreement, including, without limitation, that your use is for
the sole purpose of programming logic devices manufactured by
Intel and sold by Intel or its authorized distributors.  Please
refer to the applicable agreement for further details, at
https://fpgasoftware.intel.com/eula.



+---------------------------------------------------------------+
; MIF/HEX Update Summary                                        ;
+-----------------------+---------------------------------------+
; MIF/HEX Update Status ; Successful - Wed Aug 23 22:36:47 2023 ;
; Revision Name         ; SPWM_60                               ;
; Top-level Entity Name ; mem2                                  ;
; Family                ; Cyclone IV E                          ;
; Device                ; EP4CE6E22C8                           ;
+-----------------------+---------------------------------------+


+-------------------------------------------------------------------+
; MIF/HEX Update Processed Files                                    ;
+-------------------------------------------------------------------+
; File Name                                                         ;
+-------------------------------------------------------------------+
; C:/Users/rraul/Documents/SPWM/db/spwm_60.ram0_mem2_392d20.hdl.mif ;
+-------------------------------------------------------------------+


+-------------------------+
; MIF/HEX Update Messages ;
+-------------------------+
Info: *******************************************************************
Info: Running Quartus Prime MIF/HEX Update
    Info: Version 20.1.1 Build 720 11/11/2020 SJ Lite Edition
    Info: Processing started: Wed Aug 23 22:36:46 2023
Info: Command: quartus_cdb SPWM_60 -c SPWM_60 --update_mif
Warning (18236): Number of processors has not been specified which may cause overloading on shared machines.  Set the global assignment NUM_PARALLEL_PROCESSORS in your QSF to an appropriate value for best performance.
Info (39024): Processed the following Memory Initialization File(s)
    Info (39025): Processed Memory Initialization File C:/Users/rraul/Documents/SPWM/db/spwm_60.ram0_mem2_392d20.hdl.mif File: C:/Users/rraul/Documents/SPWM/db/spwm_60.ram0_mem2_392d20.hdl.mif Line: 0
Info: Quartus Prime MIF/HEX Update was successful. 0 errors, 1 warning
    Info: Peak virtual memory: 4693 megabytes
    Info: Processing ended: Wed Aug 23 22:36:47 2023
    Info: Elapsed time: 00:00:01
    Info: Total CPU time (on all processors): 00:00:01


